2018-05-08T13:56:50+00:00 CRITICAL Uncaught Exception: Invalid data store. in C:\wamp\www\wp-test.com\wp-content\plugins\woocommerce\includes\class-wc-data-store.php:94
Stack trace:
#0 C:\wamp\www\wp-test.com\wp-content\plugins\woocommerce\includes\class-wc-data-store.php(129): WC_Data_Store->__construct('product')
#1 C:\wamp\www\wp-test.com\wp-content\plugins\woocommerce\includes\class-wc-product-factory.php(81): WC_Data_Store::load('product')
#2 C:\wamp\www\wp-test.com\wp-content\plugins\woocommerce\includes\class-wc-product-factory.php(32): WC_Product_Factory::get_product_type(17)
#3 C:\wamp\www\wp-test.com\wp-content\plugins\woocommerce\includes\wc-product-functions.php(68): WC_Product_Factory->get_product(17, Array)
#4 C:\wamp\www\wp-test.com\wp-content\plugins\woocommerce\includes\class-wc-cart-session.php(91): wc_get_product(17)
#5 C:\wamp\www\wp-test.com\wp-includes\class-wp-hook.php(286): WC_Cart_Session->get_cart_from_session('')
#6 C:\wamp\www\wp-test.com\wp-includes\class-wp-hook.php(310): WP_Hook->apply_filters(NULL, Array)
#7 C:\

2018-05-08T13:57:09+00:00 CRITICAL Uncaught Exception: Invalid data store. in C:\wamp\www\wp-test.com\wp-content\plugins\woocommerce\includes\class-wc-data-store.php:94
Stack trace:
#0 C:\wamp\www\wp-test.com\wp-content\plugins\woocommerce\includes\class-wc-data-store.php(129): WC_Data_Store->__construct('product')
#1 C:\wamp\www\wp-test.com\wp-content\plugins\woocommerce\includes\class-wc-product-factory.php(81): WC_Data_Store::load('product')
#2 C:\wamp\www\wp-test.com\wp-content\plugins\woocommerce\includes\class-wc-product-factory.php(32): WC_Product_Factory::get_product_type(17)
#3 C:\wamp\www\wp-test.com\wp-content\plugins\woocommerce\includes\wc-product-functions.php(68): WC_Product_Factory->get_product(17, Array)
#4 C:\wamp\www\wp-test.com\wp-content\plugins\woocommerce\includes\class-wc-cart-session.php(91): wc_get_product(17)
#5 C:\wamp\www\wp-test.com\wp-includes\class-wp-hook.php(286): WC_Cart_Session->get_cart_from_session('')
#6 C:\wamp\www\wp-test.com\wp-includes\class-wp-hook.php(310): WP_Hook->apply_filters(NULL, Array)
#7 C:\

